     1                                 %line 1+1 create_account.asm
     2                                 
     3                                 [extern greeting]
     4                                 [extern get_pin]
     5                                 [extern obscure_pin]
     6                                 [extern calculate_balance]
     7                                 [extern calculate_account]
     8                                 
     9                                 
    10                                 [global create_account]
    11                                 
    12                                 [section .data]
    13                                 
    14                                 
    15 00000000 0000000000000000        acc_ptr dq 0
    16 00000008 0000000000000000        pin_ptr dq 0
    17 00000010 0000000000000000        bal_ptr dq 0
    18 00000018 00000000                acc_num_val dd 0
    19 0000001C 00000000                pin_val dd 0
    20                                 
    21                                 
    22                                 [section .text]
    23                                 
    24                                 
    25                                 
    26                                 
    27                                 
    28                                 
    29                                 
    30                                 
    31                                 
    32                                 
    33                                 create_account:
    34 00000000 55                      push rbp
    35 00000001 4889E5                  mov rbp, rsp
    36 00000004 4883EC20                sub rsp, 32
    37                                 
    38 00000008 48893C25[00000000]      mov qword [acc_ptr], rdi
    39 00000010 48893425[00000000]      mov qword [pin_ptr], rsi
    40 00000018 48891425[00000000]      mov qword [bal_ptr], rdx
    41                                 
    42                                 
    43 00000020 E8(F6FFFFFF)            call greeting
    44                                 
    45                                 
    46 00000025 E8(F6FFFFFF)            call get_pin
    47 0000002A 890425[00000000]        mov [pin_val], eax
    48                                 
    49                                 
    50 00000031 89C7                    mov edi, eax
    51 00000033 E8(F6FFFFFF)            call calculate_account
    52 00000038 890425[00000000]        mov [acc_num_val], eax
    53                                 
    54                                 
    55 0000003F 89C7                    mov edi, eax
    56 00000041 8B3425[00000000]        mov esi, [pin_val]
    57 00000048 E8(F6FFFFFF)            call calculate_balance
    58                                 
    59                                 
    60                                 
    61                                 
    62                                 
    63                                 
    64                                 
    65                                 
    66                                 
    67                                 
    68                                 
    69                                 
    70                                 
    71                                 
    72                                 
    73                                 
    74                                 
    75                                 
    76                                 
    77                                 
    78                                 
    79 0000004D C9                      leave
    80 0000004E C3                      ret
